# JRE version: Java(TM) SE Runtime Environment (8.0_11-b12) (build 1.8.0_11-b12)
# Java VM: Java HotSpot(TM) Server VM (25.11-b03 mixed mode linux-x86 )
Heap:
 PSYoungGen      total 272384K, used 0K [0x91f80000, 0xa7000000, 0xa7000000)
  eden space 220160K, 0% used [0x91f80000,0x91f80000,0x9f680000)
  from space 52224K, 0% used [0xa3800000,0xa3800000,0xa6b00000)
  to   space 62208K, 0% used [0x9f680000,0x9f680000,0xa3340000)
 ParOldGen       total 83200K, used 56012K [0x67e00000, 0x6cf40000, 0x91f80000)
  object space 83200K, 67% used [0x67e00000,0x6b4b33e8,0x6cf40000)
 Metaspace       used 28202K, capacity 28241K, committed 28348K, reserved 28976K
GC Heap History (10 events):
Event: 6.308 GC heap after
Heap after GC invocations=13 (full 2):
 PSYoungGen      total 223488K, used 0K [0x91f80000, 0xa7000000, 0xa7000000)
  eden space 184064K, 0% used [0x91f80000,0x91f80000,0x9d340000)
  from space 39424K, 0% used [0x9d340000,0x9d340000,0x9f9c0000)
  to   space 55808K, 0% used [0xa3980000,0xa3980000,0xa7000000)
 ParOldGen       total 140800K, used 87678K [0x67e00000, 0x70780000, 0x91f80000)
  object space 140800K, 62% used [0x67e00000,0x6d39fbb8,0x70780000)
 Metaspace       used 10192K, capacity 10244K, committed 10392K, reserved 10544K
}
Event: 15.061 GC heap before
{Heap before GC invocations=14 (full 2):
 PSYoungGen      total 223488K, used 184064K [0x91f80000, 0xa7000000, 0xa7000000)
  eden space 184064K, 100% used [0x91f80000,0x9d340000,0x9d340000)
  from space 39424K, 0% used [0x9d340000,0x9d340000,0x9f9c0000)
  to   space 55808K, 0% used [0xa3980000,0xa3980000,0xa7000000)
 ParOldGen       total 140800K, used 87678K [0x67e00000, 0x70780000, 0x91f80000)
  object space 140800K, 62% used [0x67e00000,0x6d39fbb8,0x70780000)
 Metaspace       used 14600K, capacity 14639K, committed 14744K, reserved 15664K
Event: 15.077 GC heap after
Heap after GC invocations=14 (full 2):
 PSYoungGen      total 290816K, used 6639K [0x91f80000, 0xa7000000, 0xa7000000)
  eden space 235008K, 0% used [0x91f80000,0x91f80000,0xa0500000)
  from space 55808K, 11% used [0xa3980000,0xa3ffbf68,0xa7000000)
  to   space 53760K, 0% used [0xa0500000,0xa0500000,0xa3980000)
 ParOldGen       total 140800K, used 87682K [0x67e00000, 0x70780000, 0x91f80000)
  object space 140800K, 62% used [0x67e00000,0x6d3a0bb8,0x70780000)
 Metaspace       used 14600K, capacity 14639K, committed 14744K, reserved 15664K
}
Event: 15.629 GC heap before
{Heap before GC invocations=15 (full 2):
 PSYoungGen      total 290816K, used 87889K [0x91f80000, 0xa7000000, 0xa7000000)
  eden space 235008K, 34% used [0x91f80000,0x96ed86b8,0xa0500000)
  from space 55808K, 11% used [0xa3980000,0xa3ffbf68,0xa7000000)
  to   space 53760K, 0% used [0xa0500000,0xa0500000,0xa3980000)
 ParOldGen       total 140800K, used 87682K [0x67e00000, 0x70780000, 0x91f80000)
  object space 140800K, 62% used [0x67e00000,0x6d3a0bb8,0x70780000)
 Metaspace       used 16971K, capacity 17007K, committed 17048K, reserved 17712K
Event: 15.641 GC heap after
Heap after GC invocations=15 (full 2):
 PSYoungGen      total 239872K, used 4623K [0x91f80000, 0xa6b00000, 0xa7000000)
  eden space 235008K, 0% used [0x91f80000,0x91f80000,0xa0500000)
  from space 4864K, 95% used [0xa0500000,0xa0983e70,0xa09c0000)
  to   space 52224K, 0% used [0xa3800000,0xa3800000,0xa6b00000)
 ParOldGen       total 140800K, used 88404K [0x67e00000, 0x70780000, 0x91f80000)
  object space 140800K, 62% used [0x67e00000,0x6d455108,0x70780000)
 Metaspace       used 16971K, capacity 17007K, committed 17048K, reserved 17712K
}
Event: 15.642 GC heap before
{Heap before GC invocations=16 (full 3):
 PSYoungGen      total 239872K, used 4623K [0x91f80000, 0xa6b00000, 0xa7000000)
  eden space 235008K, 0% used [0x91f80000,0x91f80000,0xa0500000)
  from space 4864K, 95% used [0xa0500000,0xa0983e70,0xa09c0000)
  to   space 52224K, 0% used [0xa3800000,0xa3800000,0xa6b00000)
 ParOldGen       total 140800K, used 88404K [0x67e00000, 0x70780000, 0x91f80000)
  object space 140800K, 62% used [0x67e00000,0x6d455108,0x70780000)
 Metaspace       used 16971K, capacity 17007K, committed 17048K, reserved 17712K
Event: 15.687 GC heap after
Heap after GC invocations=16 (full 3):
 PSYoungGen      total 239872K, used 0K [0x91f80000, 0xa6b00000, 0xa7000000)
  eden space 235008K, 0% used [0x91f80000,0x91f80000,0xa0500000)
  from space 4864K, 0% used [0xa0500000,0xa0500000,0xa09c0000)
  to   space 52224K, 0% used [0xa3800000,0xa3800000,0xa6b00000)
 ParOldGen       total 83200K, used 25138K [0x67e00000, 0x6cf40000, 0x91f80000)
  object space 83200K, 30% used [0x67e00000,0x6968cba0,0x6cf40000)
 Metaspace       used 16971K, capacity 17007K, committed 17048K, reserved 17712K
}
Event: 19.638 GC heap before
{Heap before GC invocations=17 (full 3):
 PSYoungGen      total 239872K, used 172976K [0x91f80000, 0xa6b00000, 0xa7000000)
  eden space 235008K, 73% used [0x91f80000,0x9c86c3b0,0xa0500000)
  from space 4864K, 0% used [0xa0500000,0xa0500000,0xa09c0000)
  to   space 52224K, 0% used [0xa3800000,0xa3800000,0xa6b00000)
 ParOldGen       total 83200K, used 25138K [0x67e00000, 0x6cf40000, 0x91f80000)
  object space 83200K, 30% used [0x67e00000,0x6968cba0,0x6cf40000)
 Metaspace       used 28202K, capacity 28241K, committed 28348K, reserved 28976K
Event: 19.797 GC heap after
Heap after GC invocations=17 (full 3):
 PSYoungGen      total 272384K, used 52211K [0x91f80000, 0xa7000000, 0xa7000000)
  eden space 220160K, 0% used [0x91f80000,0x91f80000,0x9f680000)
  from space 52224K, 99% used [0xa3800000,0xa6afcdf0,0xa6b00000)
  to   space 62208K, 0% used [0x9f680000,0x9f680000,0xa3340000)
 ParOldGen       total 83200K, used 25322K [0x67e00000, 0x6cf40000, 0x91f80000)
  object space 83200K, 30% used [0x67e00000,0x696ba8a0,0x6cf40000)
 Metaspace       used 28202K, capacity 28241K, committed 28348K, reserved 28976K
}
Event: 19.797 GC heap before
{Heap before GC invocations=18 (full 4):
 PSYoungGen      total 272384K, used 52211K [0x91f80000, 0xa7000000, 0xa7000000)
  eden space 220160K, 0% used [0x91f80000,0x91f80000,0x9f680000)
  from space 52224K, 99% used [0xa3800000,0xa6afcdf0,0xa6b00000)
  to   space 62208K, 0% used [0x9f680000,0x9f680000,0xa3340000)
 ParOldGen       total 83200K, used 25322K [0x67e00000, 0x6cf40000, 0x91f80000)
  object space 83200K, 30% used [0x67e00000,0x696ba8a0,0x6cf40000)
 Metaspace       used 28202K, capacity 28241K, committed 28348K, reserved 28976K

