# JRE version: Java(TM) SE Runtime Environment (8.0_11-b12) (build 1.8.0_11-b12)
# Java VM: Java HotSpot(TM) Server VM (25.11-b03 mixed mode linux-x86 )
Heap:
 PSYoungGen      total 215808K, used 38222K [0x91f80000, 0xa1e80000, 0xa7000000)
  eden space 173824K, 0% used [0x91f80000,0x91f80000,0x9c940000)
  from space 41984K, 91% used [0x9cc80000,0x9f1d3be0,0x9f580000)
  to   space 29696K, 0% used [0xa0180000,0xa0180000,0xa1e80000)
 ParOldGen       total 98816K, used 98492K [0x67e00000, 0x6de80000, 0x91f80000)
  object space 98816K, 99% used [0x67e00000,0x6de2f000,0x6de80000)
 Metaspace       used 8421K, capacity 8484K, committed 8600K, reserved 9520K
GC Heap History (10 events):
Event: 2.324 GC heap after
Heap after GC invocations=7 (full 0):
 PSYoungGen      total 69120K, used 2554K [0x91f80000, 0x9b200000, 0xa7000000)
  eden space 66560K, 0% used [0x91f80000,0x91f80000,0x96080000)
  from space 2560K, 99% used [0x96080000,0x962feb48,0x96300000)
  to   space 8448K, 0% used [0x9a9c0000,0x9a9c0000,0x9b200000)
 ParOldGen       total 43776K, used 11258K [0x67e00000, 0x6a8c0000, 0x91f80000)
  object space 43776K, 25% used [0x67e00000,0x688fe8f0,0x6a8c0000)
 Metaspace       used 5275K, capacity 5306K, committed 5400K, reserved 5424K
}
Event: 2.708 GC heap before
{Heap before GC invocations=8 (full 0):
 PSYoungGen      total 69120K, used 69114K [0x91f80000, 0x9b200000, 0xa7000000)
  eden space 66560K, 100% used [0x91f80000,0x96080000,0x96080000)
  from space 2560K, 99% used [0x96080000,0x962feb48,0x96300000)
  to   space 8448K, 0% used [0x9a9c0000,0x9a9c0000,0x9b200000)
 ParOldGen       total 43776K, used 11271K [0x67e00000, 0x6a8c0000, 0x91f80000)
  object space 43776K, 25% used [0x67e00000,0x68901cf8,0x6a8c0000)
 Metaspace       used 5348K, capacity 5402K, committed 5528K, reserved 6448K
Event: 2.742 GC heap after
Heap after GC invocations=8 (full 0):
 PSYoungGen      total 134400K, used 8443K [0x91f80000, 0x9c000000, 0xa7000000)
  eden space 125952K, 0% used [0x91f80000,0x91f80000,0x99a80000)
  from space 8448K, 99% used [0x9a9c0000,0x9b1fec80,0x9b200000)
  to   space 15616K, 0% used [0x99a80000,0x99a80000,0x9a9c0000)
 ParOldGen       total 43776K, used 24081K [0x67e00000, 0x6a8c0000, 0x91f80000)
  object space 43776K, 55% used [0x67e00000,0x69584740,0x6a8c0000)
 Metaspace       used 5348K, capacity 5402K, committed 5528K, reserved 6448K
}
Event: 3.375 GC heap before
{Heap before GC invocations=9 (full 0):
 PSYoungGen      total 134400K, used 134395K [0x91f80000, 0x9c000000, 0xa7000000)
  eden space 125952K, 100% used [0x91f80000,0x99a80000,0x99a80000)
  from space 8448K, 99% used [0x9a9c0000,0x9b1fec80,0x9b200000)
  to   space 15616K, 0% used [0x99a80000,0x99a80000,0x9a9c0000)
 ParOldGen       total 43776K, used 24087K [0x67e00000, 0x6a8c0000, 0x91f80000)
  object space 43776K, 55% used [0x67e00000,0x69585e18,0x6a8c0000)
 Metaspace       used 5351K, capacity 5402K, committed 5528K, reserved 6448K
Event: 3.446 GC heap after
Heap after GC invocations=9 (full 0):
 PSYoungGen      total 141568K, used 15614K [0x91f80000, 0xa1e80000, 0xa7000000)
  eden space 125952K, 0% used [0x91f80000,0x91f80000,0x99a80000)
  from space 15616K, 99% used [0x99a80000,0x9a9bfa68,0x9a9c0000)
  to   space 29696K, 0% used [0xa0180000,0xa0180000,0xa1e80000)
 ParOldGen       total 51456K, used 50990K [0x67e00000, 0x6b040000, 0x91f80000)
  object space 51456K, 99% used [0x67e00000,0x6afcbbc8,0x6b040000)
 Metaspace       used 5351K, capacity 5402K, committed 5528K, reserved 6448K
}
Event: 3.446 GC heap before
{Heap before GC invocations=10 (full 1):
 PSYoungGen      total 141568K, used 15614K [0x91f80000, 0xa1e80000, 0xa7000000)
  eden space 125952K, 0% used [0x91f80000,0x91f80000,0x99a80000)
  from space 15616K, 99% used [0x99a80000,0x9a9bfa68,0x9a9c0000)
  to   space 29696K, 0% used [0xa0180000,0xa0180000,0xa1e80000)
 ParOldGen       total 51456K, used 50990K [0x67e00000, 0x6b040000, 0x91f80000)
  object space 51456K, 99% used [0x67e00000,0x6afcbbc8,0x6b040000)
 Metaspace       used 5351K, capacity 5402K, committed 5528K, reserved 6448K
Event: 3.607 GC heap after
Heap after GC invocations=10 (full 1):
 PSYoungGen      total 141568K, used 12509K [0x91f80000, 0xa1e80000, 0xa7000000)
  eden space 125952K, 0% used [0x91f80000,0x91f80000,0x99a80000)
  from space 15616K, 80% used [0x99a80000,0x9a6b74a8,0x9a9c0000)
  to   space 29696K, 0% used [0xa0180000,0xa0180000,0xa1e80000)
 ParOldGen       total 93952K, used 51249K [0x67e00000, 0x6d9c0000, 0x91f80000)
  object space 93952K, 54% used [0x67e00000,0x6b00c730,0x6d9c0000)
 Metaspace       used 5351K, capacity 5402K, committed 5528K, reserved 6448K
}
Event: 4.067 GC heap before
{Heap before GC invocations=11 (full 1):
 PSYoungGen      total 141568K, used 138461K [0x91f80000, 0xa1e80000, 0xa7000000)
  eden space 125952K, 100% used [0x91f80000,0x99a80000,0x99a80000)
  from space 15616K, 80% used [0x99a80000,0x9a6b74a8,0x9a9c0000)
  to   space 29696K, 0% used [0xa0180000,0xa0180000,0xa1e80000)
 ParOldGen       total 93952K, used 51337K [0x67e00000, 0x6d9c0000, 0x91f80000)
  object space 93952K, 54% used [0x67e00000,0x6b022750,0x6d9c0000)
 Metaspace       used 5353K, capacity 5402K, committed 5528K, reserved 6448K
Event: 4.149 GC heap after
Heap after GC invocations=11 (full 1):
 PSYoungGen      total 203520K, used 29692K [0x91f80000, 0xa1e80000, 0xa7000000)
  eden space 173824K, 0% used [0x91f80000,0x91f80000,0x9c940000)
  from space 29696K, 99% used [0xa0180000,0xa1e7f260,0xa1e80000)
  to   space 41984K, 0% used [0x9cc80000,0x9cc80000,0x9f580000)
 ParOldGen       total 93952K, used 69824K [0x67e00000, 0x6d9c0000, 0x91f80000)
  object space 93952K, 74% used [0x67e00000,0x6c2303a0,0x6d9c0000)
 Metaspace       used 5353K, capacity 5402K, committed 5528K, reserved 6448K
}
Event: 9.527 GC heap before
{Heap before GC invocations=12 (full 1):
 PSYoungGen      total 203520K, used 203516K [0x91f80000, 0xa1e80000, 0xa7000000)
  eden space 173824K, 100% used [0x91f80000,0x9c940000,0x9c940000)
  from space 29696K, 99% used [0xa0180000,0xa1e7f260,0xa1e80000)
  to   space 41984K, 0% used [0x9cc80000,0x9cc80000,0x9f580000)
 ParOldGen       total 93952K, used 69831K [0x67e00000, 0x6d9c0000, 0x91f80000)
  object space 93952K, 74% used [0x67e00000,0x6c231f90,0x6d9c0000)
 Metaspace       used 8421K, capacity 8484K, committed 8600K, reserved 9520K

