# JRE version: Java(TM) SE Runtime Environment (8.0_11-b12) (build 1.8.0_11-b12)
# Java VM: Java HotSpot(TM) Server VM (25.11-b03 mixed mode linux-x86 )
Heap:
 PSYoungGen      total 272384K, used 0K [0x91f80000, 0xa7000000, 0xa7000000)
  eden space 220160K, 0% used [0x91f80000,0x91f80000,0x9f680000)
  from space 52224K, 0% used [0xa37c0000,0xa37c0000,0xa6ac0000)
  to   space 62208K, 0% used [0x9f680000,0x9f680000,0xa3340000)
 ParOldGen       total 84736K, used 57225K [0x67e00000, 0x6d0c0000, 0x91f80000)
  object space 84736K, 67% used [0x67e00000,0x6b5e2558,0x6d0c0000)
 Metaspace       used 28177K, capacity 28241K, committed 28348K, reserved 28976K
GC Heap History (10 events):
Event: 6.597 GC heap after
Heap after GC invocations=13 (full 2):
 PSYoungGen      total 224256K, used 0K [0x91f80000, 0xa7000000, 0xa7000000)
  eden space 185088K, 0% used [0x91f80000,0x91f80000,0x9d440000)
  from space 39168K, 0% used [0x9d440000,0x9d440000,0x9fa80000)
  to   space 55808K, 0% used [0xa3980000,0xa3980000,0xa7000000)
 ParOldGen       total 140544K, used 87353K [0x67e00000, 0x70740000, 0x91f80000)
  object space 140544K, 62% used [0x67e00000,0x6d34e540,0x70740000)
 Metaspace       used 10175K, capacity 10244K, committed 10392K, reserved 10544K
}
Event: 8.305 GC heap before
{Heap before GC invocations=14 (full 2):
 PSYoungGen      total 224256K, used 185041K [0x91f80000, 0xa7000000, 0xa7000000)
  eden space 185088K, 99% used [0x91f80000,0x9d434430,0x9d440000)
  from space 39168K, 0% used [0x9d440000,0x9d440000,0x9fa80000)
  to   space 55808K, 0% used [0xa3980000,0xa3980000,0xa7000000)
 ParOldGen       total 140544K, used 87353K [0x67e00000, 0x70740000, 0x91f80000)
  object space 140544K, 62% used [0x67e00000,0x6d34e540,0x70740000)
 Metaspace       used 14427K, capacity 14514K, committed 14616K, reserved 14640K
Event: 8.332 GC heap after
Heap after GC invocations=14 (full 2):
 PSYoungGen      total 290560K, used 6754K [0x91f80000, 0xa7000000, 0xa7000000)
  eden space 234752K, 0% used [0x91f80000,0x91f80000,0xa04c0000)
  from space 55808K, 12% used [0xa3980000,0xa4018b08,0xa7000000)
  to   space 54016K, 0% used [0xa04c0000,0xa04c0000,0xa3980000)
 ParOldGen       total 140544K, used 87357K [0x67e00000, 0x70740000, 0x91f80000)
  object space 140544K, 62% used [0x67e00000,0x6d34f540,0x70740000)
 Metaspace       used 14427K, capacity 14514K, committed 14616K, reserved 14640K
}
Event: 8.618 GC heap before
{Heap before GC invocations=15 (full 2):
 PSYoungGen      total 290560K, used 91996K [0x91f80000, 0xa7000000, 0xa7000000)
  eden space 234752K, 36% used [0x91f80000,0x972be850,0xa04c0000)
  from space 55808K, 12% used [0xa3980000,0xa4018b08,0xa7000000)
  to   space 54016K, 0% used [0xa04c0000,0xa04c0000,0xa3980000)
 ParOldGen       total 140544K, used 87357K [0x67e00000, 0x70740000, 0x91f80000)
  object space 140544K, 62% used [0x67e00000,0x6d34f540,0x70740000)
 Metaspace       used 16946K, capacity 17010K, committed 17048K, reserved 17712K
Event: 8.630 GC heap after
Heap after GC invocations=15 (full 2):
 PSYoungGen      total 239872K, used 4924K [0x91f80000, 0xa6ac0000, 0xa7000000)
  eden space 234752K, 0% used [0x91f80000,0x91f80000,0xa04c0000)
  from space 5120K, 96% used [0xa04c0000,0xa098f028,0xa09c0000)
  to   space 52224K, 0% used [0xa37c0000,0xa37c0000,0xa6ac0000)
 ParOldGen       total 140544K, used 88160K [0x67e00000, 0x70740000, 0x91f80000)
  object space 140544K, 62% used [0x67e00000,0x6d4182f0,0x70740000)
 Metaspace       used 16946K, capacity 17010K, committed 17048K, reserved 17712K
}
Event: 8.630 GC heap before
{Heap before GC invocations=16 (full 3):
 PSYoungGen      total 239872K, used 4924K [0x91f80000, 0xa6ac0000, 0xa7000000)
  eden space 234752K, 0% used [0x91f80000,0x91f80000,0xa04c0000)
  from space 5120K, 96% used [0xa04c0000,0xa098f028,0xa09c0000)
  to   space 52224K, 0% used [0xa37c0000,0xa37c0000,0xa6ac0000)
 ParOldGen       total 140544K, used 88160K [0x67e00000, 0x70740000, 0x91f80000)
  object space 140544K, 62% used [0x67e00000,0x6d4182f0,0x70740000)
 Metaspace       used 16946K, capacity 17010K, committed 17048K, reserved 17712K
Event: 8.679 GC heap after
Heap after GC invocations=16 (full 3):
 PSYoungGen      total 239872K, used 0K [0x91f80000, 0xa6ac0000, 0xa7000000)
  eden space 234752K, 0% used [0x91f80000,0x91f80000,0xa04c0000)
  from space 5120K, 0% used [0xa04c0000,0xa04c0000,0xa09c0000)
  to   space 52224K, 0% used [0xa37c0000,0xa37c0000,0xa6ac0000)
 ParOldGen       total 84736K, used 26666K [0x67e00000, 0x6d0c0000, 0x91f80000)
  object space 84736K, 31% used [0x67e00000,0x6980a9b8,0x6d0c0000)
 Metaspace       used 16944K, capacity 17007K, committed 17048K, reserved 17712K
}
Event: 11.873 GC heap before
{Heap before GC invocations=17 (full 3):
 PSYoungGen      total 239872K, used 172252K [0x91f80000, 0xa6ac0000, 0xa7000000)
  eden space 234752K, 73% used [0x91f80000,0x9c7b7168,0xa04c0000)
  from space 5120K, 0% used [0xa04c0000,0xa04c0000,0xa09c0000)
  to   space 52224K, 0% used [0xa37c0000,0xa37c0000,0xa6ac0000)
 ParOldGen       total 84736K, used 26666K [0x67e00000, 0x6d0c0000, 0x91f80000)
  object space 84736K, 31% used [0x67e00000,0x6980a9b8,0x6d0c0000)
 Metaspace       used 28177K, capacity 28241K, committed 28348K, reserved 28976K
Event: 11.968 GC heap after
Heap after GC invocations=17 (full 3):
 PSYoungGen      total 272384K, used 52221K [0x91f80000, 0xa7000000, 0xa7000000)
  eden space 220160K, 0% used [0x91f80000,0x91f80000,0x9f680000)
  from space 52224K, 99% used [0xa37c0000,0xa6abf558,0xa6ac0000)
  to   space 62208K, 0% used [0x9f680000,0x9f680000,0xa3340000)
 ParOldGen       total 84736K, used 26765K [0x67e00000, 0x6d0c0000, 0x91f80000)
  object space 84736K, 31% used [0x67e00000,0x698234b0,0x6d0c0000)
 Metaspace       used 28177K, capacity 28241K, committed 28348K, reserved 28976K
}
Event: 11.969 GC heap before
{Heap before GC invocations=18 (full 4):
 PSYoungGen      total 272384K, used 52221K [0x91f80000, 0xa7000000, 0xa7000000)
  eden space 220160K, 0% used [0x91f80000,0x91f80000,0x9f680000)
  from space 52224K, 99% used [0xa37c0000,0xa6abf558,0xa6ac0000)
  to   space 62208K, 0% used [0x9f680000,0x9f680000,0xa3340000)
 ParOldGen       total 84736K, used 26765K [0x67e00000, 0x6d0c0000, 0x91f80000)
  object space 84736K, 31% used [0x67e00000,0x698234b0,0x6d0c0000)
 Metaspace       used 28177K, capacity 28241K, committed 28348K, reserved 28976K

