# JRE version: Java(TM) SE Runtime Environment (8.0_11-b12) (build 1.8.0_11-b12)
# Java VM: Java HotSpot(TM) Server VM (25.11-b03 mixed mode linux-x86 )
Heap:
 PSYoungGen      total 221184K, used 39155K [0x91f80000, 0xa1e80000, 0xa7000000)
  eden space 182016K, 0% used [0x91f80000,0x91f80000,0x9d140000)
  from space 39168K, 99% used [0x9d200000,0x9f83ce48,0x9f840000)
  to   space 29696K, 0% used [0xa0180000,0xa0180000,0xa1e80000)
 ParOldGen       total 91904K, used 89825K [0x67e00000, 0x6d7c0000, 0x91f80000)
  object space 91904K, 97% used [0x67e00000,0x6d5b8758,0x6d7c0000)
 Metaspace       used 10174K, capacity 10244K, committed 10392K, reserved 10544K
GC Heap History (10 events):
Event: 2.563 GC heap after
Heap after GC invocations=7 (full 0):
 PSYoungGen      total 69120K, used 2557K [0x91f80000, 0x9b200000, 0xa7000000)
  eden space 66560K, 0% used [0x91f80000,0x91f80000,0x96080000)
  from space 2560K, 99% used [0x96080000,0x962ff698,0x96300000)
  to   space 8448K, 0% used [0x9a9c0000,0x9a9c0000,0x9b200000)
 ParOldGen       total 43776K, used 11074K [0x67e00000, 0x6a8c0000, 0x91f80000)
  object space 43776K, 25% used [0x67e00000,0x688d0938,0x6a8c0000)
 Metaspace       used 5273K, capacity 5306K, committed 5400K, reserved 5424K
}
Event: 2.950 GC heap before
{Heap before GC invocations=8 (full 0):
 PSYoungGen      total 69120K, used 69117K [0x91f80000, 0x9b200000, 0xa7000000)
  eden space 66560K, 100% used [0x91f80000,0x96080000,0x96080000)
  from space 2560K, 99% used [0x96080000,0x962ff698,0x96300000)
  to   space 8448K, 0% used [0x9a9c0000,0x9a9c0000,0x9b200000)
 ParOldGen       total 43776K, used 11098K [0x67e00000, 0x6a8c0000, 0x91f80000)
  object space 43776K, 25% used [0x67e00000,0x688d6810,0x6a8c0000)
 Metaspace       used 5347K, capacity 5402K, committed 5528K, reserved 6448K
Event: 2.996 GC heap after
Heap after GC invocations=8 (full 0):
 PSYoungGen      total 134400K, used 8435K [0x91f80000, 0x9c000000, 0xa7000000)
  eden space 125952K, 0% used [0x91f80000,0x91f80000,0x99a80000)
  from space 8448K, 99% used [0x9a9c0000,0x9b1fcea8,0x9b200000)
  to   space 15616K, 0% used [0x99a80000,0x99a80000,0x9a9c0000)
 ParOldGen       total 43776K, used 23826K [0x67e00000, 0x6a8c0000, 0x91f80000)
  object space 43776K, 54% used [0x67e00000,0x69544be8,0x6a8c0000)
 Metaspace       used 5347K, capacity 5402K, committed 5528K, reserved 6448K
}
Event: 3.688 GC heap before
{Heap before GC invocations=9 (full 0):
 PSYoungGen      total 134400K, used 134387K [0x91f80000, 0x9c000000, 0xa7000000)
  eden space 125952K, 100% used [0x91f80000,0x99a80000,0x99a80000)
  from space 8448K, 99% used [0x9a9c0000,0x9b1fcea8,0x9b200000)
  to   space 15616K, 0% used [0x99a80000,0x99a80000,0x9a9c0000)
 ParOldGen       total 43776K, used 23834K [0x67e00000, 0x6a8c0000, 0x91f80000)
  object space 43776K, 54% used [0x67e00000,0x695468b0,0x6a8c0000)
 Metaspace       used 5351K, capacity 5402K, committed 5528K, reserved 6448K
Event: 3.763 GC heap after
Heap after GC invocations=9 (full 0):
 PSYoungGen      total 141568K, used 15614K [0x91f80000, 0xa1e80000, 0xa7000000)
  eden space 125952K, 0% used [0x91f80000,0x91f80000,0x99a80000)
  from space 15616K, 99% used [0x99a80000,0x9a9bfbb8,0x9a9c0000)
  to   space 29696K, 0% used [0xa0180000,0xa0180000,0xa1e80000)
 ParOldGen       total 51200K, used 51061K [0x67e00000, 0x6b000000, 0x91f80000)
  object space 51200K, 99% used [0x67e00000,0x6afdd7b8,0x6b000000)
 Metaspace       used 5351K, capacity 5402K, committed 5528K, reserved 6448K
}
Event: 3.763 GC heap before
{Heap before GC invocations=10 (full 1):
 PSYoungGen      total 141568K, used 15614K [0x91f80000, 0xa1e80000, 0xa7000000)
  eden space 125952K, 0% used [0x91f80000,0x91f80000,0x99a80000)
  from space 15616K, 99% used [0x99a80000,0x9a9bfbb8,0x9a9c0000)
  to   space 29696K, 0% used [0xa0180000,0xa0180000,0xa1e80000)
 ParOldGen       total 51200K, used 51061K [0x67e00000, 0x6b000000, 0x91f80000)
  object space 51200K, 99% used [0x67e00000,0x6afdd7b8,0x6b000000)
 Metaspace       used 5351K, capacity 5402K, committed 5528K, reserved 6448K
Event: 3.884 GC heap after
Heap after GC invocations=10 (full 1):
 PSYoungGen      total 141568K, used 6764K [0x91f80000, 0xa1e80000, 0xa7000000)
  eden space 125952K, 0% used [0x91f80000,0x91f80000,0x99a80000)
  from space 15616K, 43% used [0x99a80000,0x9a11b170,0x9a9c0000)
  to   space 29696K, 0% used [0xa0180000,0xa0180000,0xa1e80000)
 ParOldGen       total 91904K, used 51164K [0x67e00000, 0x6d7c0000, 0x91f80000)
  object space 91904K, 55% used [0x67e00000,0x6aff7228,0x6d7c0000)
 Metaspace       used 5351K, capacity 5402K, committed 5528K, reserved 6448K
}
Event: 4.444 GC heap before
{Heap before GC invocations=11 (full 1):
 PSYoungGen      total 141568K, used 132716K [0x91f80000, 0xa1e80000, 0xa7000000)
  eden space 125952K, 100% used [0x91f80000,0x99a80000,0x99a80000)
  from space 15616K, 43% used [0x99a80000,0x9a11b170,0x9a9c0000)
  to   space 29696K, 0% used [0xa0180000,0xa0180000,0xa1e80000)
 ParOldGen       total 91904K, used 51170K [0x67e00000, 0x6d7c0000, 0x91f80000)
  object space 91904K, 55% used [0x67e00000,0x6aff8998,0x6d7c0000)
 Metaspace       used 5353K, capacity 5402K, committed 5528K, reserved 6448K
Event: 4.541 GC heap after
Heap after GC invocations=11 (full 1):
 PSYoungGen      total 211712K, used 29694K [0x91f80000, 0xa1e80000, 0xa7000000)
  eden space 182016K, 0% used [0x91f80000,0x91f80000,0x9d140000)
  from space 29696K, 99% used [0xa0180000,0xa1e7fbe0,0xa1e80000)
  to   space 39168K, 0% used [0x9d200000,0x9d200000,0x9f840000)
 ParOldGen       total 91904K, used 62185K [0x67e00000, 0x6d7c0000, 0x91f80000)
  object space 91904K, 67% used [0x67e00000,0x6baba5c8,0x6d7c0000)
 Metaspace       used 5353K, capacity 5402K, committed 5528K, reserved 6448K
}
Event: 6.729 GC heap before
{Heap before GC invocations=12 (full 1):
 PSYoungGen      total 211712K, used 211710K [0x91f80000, 0xa1e80000, 0xa7000000)
  eden space 182016K, 100% used [0x91f80000,0x9d140000,0x9d140000)
  from space 29696K, 99% used [0xa0180000,0xa1e7fbe0,0xa1e80000)
  to   space 39168K, 0% used [0x9d200000,0x9d200000,0x9f840000)
 ParOldGen       total 91904K, used 62840K [0x67e00000, 0x6d7c0000, 0x91f80000)
  object space 91904K, 68% used [0x67e00000,0x6bb5e2d0,0x6d7c0000)
 Metaspace       used 10174K, capacity 10244K, committed 10392K, reserved 10544K

